<?xml version="1.0" encoding="UTF-8"?>
<!-- Generated by org.testng.reporters.JUnitReportReporter -->
<testsuite skipped="0" hostname="Admins-MacBook-Pro-5.local" name="MavenFramework.QAS_AUTOMATION_DEMO.AppTest" tests="1" failures="0" timestamp="12 Dec 2018 14:23:32 GMT" time="0.008" errors="0">
  <testcase name="testApp" time="0.008" classname="MavenFramework.QAS_AUTOMATION_DEMO.AppTest"/>
</testsuite> <!-- MavenFramework.QAS_AUTOMATION_DEMO.AppTest -->
