<?xml version="1.0" encoding="UTF-8"?>
<!-- Generated by org.testng.reporters.JUnitReportReporter -->
<testsuite skipped="0" hostname="Admins-MacBook-Pro-5.local" name="MavenFramework.QAS_AUTOMATION_DEMO.GmailTest" tests="6" failures="0" timestamp="13 Dec 2018 11:02:26 GMT" time="8.002" errors="0">
  <testcase name="sendEmailToMe" time="1.390" classname="MavenFramework.QAS_AUTOMATION_DEMO.GmailTest"/>
  <testcase name="sendEmailToMe" time="2.168" classname="MavenFramework.QAS_AUTOMATION_DEMO.GmailTest"/>
  <testcase name="sendEmailToMe" time="1.068" classname="MavenFramework.QAS_AUTOMATION_DEMO.GmailTest"/>
  <testcase name="sendEmailToMe" time="1.090" classname="MavenFramework.QAS_AUTOMATION_DEMO.GmailTest"/>
  <testcase name="sendEmailToMe" time="1.164" classname="MavenFramework.QAS_AUTOMATION_DEMO.GmailTest"/>
  <testcase name="sendEmailToMe" time="1.122" classname="MavenFramework.QAS_AUTOMATION_DEMO.GmailTest"/>
</testsuite> <!-- MavenFramework.QAS_AUTOMATION_DEMO.GmailTest -->
